<?xml version="1.0" encoding="UTF-8"?>
<coverage generated="1665102503854" clover="3.2.0">
  <project timestamp="1665102503854" name="All files">
    <metrics statements="66" coveredstatements="66" conditionals="26" coveredconditionals="24" methods="11" coveredmethods="11" elements="103" coveredelements="101" complexity="0" loc="66" ncloc="66" packages="1" files="2" classes="2"/>
    <file name="26.implementLinkedList.js" path="/Users/hongseoupyun/Desktop/hongseoup/projects/leetcode-practice/26.implementLinkedList.js">
      <metrics statements="53" coveredstatements="53" conditionals="22" coveredconditionals="20" methods="9" coveredmethods="9"/>
      <line num="3" count="12" type="stmt"/>
      <line num="4" count="12" type="stmt"/>
      <line num="5" count="12" type="stmt"/>
      <line num="9" count="3" type="stmt"/>
      <line num="10" count="3" type="stmt"/>
      <line num="12" count="3" type="stmt"/>
      <line num="13" count="3" type="stmt"/>
      <line num="15" count="3" type="cond" truecount="2" falsecount="0"/>
      <line num="16" count="1" type="stmt"/>
      <line num="18" count="3" type="stmt"/>
      <line num="22" count="32" type="stmt"/>
      <line num="23" count="32" type="cond" truecount="2" falsecount="0"/>
      <line num="24" count="11" type="stmt"/>
      <line num="25" count="11" type="stmt"/>
      <line num="27" count="21" type="stmt"/>
      <line num="28" count="21" type="stmt"/>
      <line num="30" count="32" type="stmt"/>
      <line num="34" count="1" type="stmt"/>
      <line num="35" count="1" type="stmt"/>
      <line num="37" count="1" type="stmt"/>
      <line num="38" count="3" type="stmt"/>
      <line num="39" count="3" type="stmt"/>
      <line num="42" count="1" type="stmt"/>
      <line num="46" count="9" type="cond" truecount="2" falsecount="2"/>
      <line num="47" count="9" type="cond" truecount="4" falsecount="0"/>
      <line num="49" count="8" type="stmt"/>
      <line num="50" count="8" type="stmt"/>
      <line num="51" count="7" type="stmt"/>
      <line num="53" count="8" type="stmt"/>
      <line num="56" count="4" type="cond" truecount="2" falsecount="0"/>
      <line num="57" count="1" type="stmt"/>
      <line num="60" count="3" type="stmt"/>
      <line num="62" count="3" type="cond" truecount="2" falsecount="0"/>
      <line num="64" count="1" type="stmt"/>
      <line num="65" count="1" type="stmt"/>
      <line num="68" count="4" type="cond" truecount="2" falsecount="0"/>
      <line num="69" count="1" type="stmt"/>
      <line num="70" count="1" type="stmt"/>
      <line num="71" count="1" type="stmt"/>
      <line num="74" count="3" type="cond" truecount="4" falsecount="0"/>
      <line num="76" count="1" type="stmt"/>
      <line num="77" count="1" type="stmt"/>
      <line num="78" count="1" type="stmt"/>
      <line num="83" count="42" type="stmt"/>
      <line num="84" count="42" type="stmt"/>
      <line num="88" count="1" type="stmt"/>
      <line num="89" count="5" type="stmt"/>
      <line num="90" count="5" type="stmt"/>
      <line num="91" count="5" type="stmt"/>
      <line num="95" count="1" type="stmt"/>
      <line num="97" count="1" type="stmt"/>
      <line num="99" count="1" type="stmt"/>
      <line num="101" count="1" type="stmt"/>
    </file>
    <file name="Jobber_nextVersion.js" path="/Users/hongseoupyun/Desktop/hongseoup/projects/leetcode-practice/Jobber_nextVersion.js">
      <metrics statements="13" coveredstatements="13" conditionals="4" coveredconditionals="4" methods="2" coveredmethods="2"/>
      <line num="24" count="31" type="stmt"/>
      <line num="27" count="9" type="stmt"/>
      <line num="30" count="15" type="cond" truecount="4" falsecount="0"/>
      <line num="31" count="6" type="stmt"/>
      <line num="33" count="9" type="stmt"/>
      <line num="34" count="9" type="stmt"/>
      <line num="38" count="9" type="stmt"/>
      <line num="41" count="1" type="stmt"/>
      <line num="42" count="1" type="stmt"/>
      <line num="43" count="1" type="stmt"/>
      <line num="44" count="1" type="stmt"/>
      <line num="45" count="1" type="stmt"/>
      <line num="47" count="1" type="stmt"/>
    </file>
  </project>
</coverage>
