{"/Users/hongseoupyun/Desktop/hongseoup/projects/leetcode-practice/26.implementLinkedList.js": {"path":"/Users/hongseoupyun/Desktop/hongseoup/projects/leetcode-practice/26.implementLinkedList.js","statementMap":{"0":{"start":{"line":3,"column":4},"end":{"line":3,"column":21}},"1":{"start":{"line":4,"column":4},"end":{"line":4,"column":21}},"2":{"start":{"line":5,"column":4},"end":{"line":5,"column":20}},"3":{"start":{"line":9,"column":24},"end":{"line":9,"column":33}},"4":{"start":{"line":10,"column":20},"end":{"line":10,"column":48}},"5":{"start":{"line":12,"column":4},"end":{"line":12,"column":31}},"6":{"start":{"line":13,"column":4},"end":{"line":13,"column":24}},"7":{"start":{"line":15,"column":4},"end":{"line":17,"column":5}},"8":{"start":{"line":16,"column":6},"end":{"line":16,"column":26}},"9":{"start":{"line":18,"column":4},"end":{"line":18,"column":18}},"10":{"start":{"line":22,"column":20},"end":{"line":22,"column":48}},"11":{"start":{"line":23,"column":4},"end":{"line":29,"column":5}},"12":{"start":{"line":24,"column":6},"end":{"line":24,"column":26}},"13":{"start":{"line":25,"column":6},"end":{"line":25,"column":26}},"14":{"start":{"line":27,"column":6},"end":{"line":27,"column":31}},"15":{"start":{"line":28,"column":6},"end":{"line":28,"column":26}},"16":{"start":{"line":30,"column":4},"end":{"line":30,"column":18}},"17":{"start":{"line":34,"column":19},"end":{"line":34,"column":21}},"18":{"start":{"line":35,"column":22},"end":{"line":35,"column":31}},"19":{"start":{"line":37,"column":4},"end":{"line":40,"column":5}},"20":{"start":{"line":38,"column":6},"end":{"line":38,"column":37}},"21":{"start":{"line":39,"column":6},"end":{"line":39,"column":37}},"22":{"start":{"line":42,"column":4},"end":{"line":42,"column":31}},"23":{"start":{"line":46,"column":4},"end":{"line":46,"column":46}},"24":{"start":{"line":46,"column":34},"end":{"line":46,"column":46}},"25":{"start":{"line":47,"column":4},"end":{"line":47,"column":54}},"26":{"start":{"line":47,"column":42},"end":{"line":47,"column":54}},"27":{"start":{"line":49,"column":22},"end":{"line":49,"column":31}},"28":{"start":{"line":50,"column":4},"end":{"line":52,"column":5}},"29":{"start":{"line":50,"column":17},"end":{"line":50,"column":18}},"30":{"start":{"line":51,"column":6},"end":{"line":51,"column":37}},"31":{"start":{"line":53,"column":4},"end":{"line":53,"column":23}},"32":{"start":{"line":56,"column":4},"end":{"line":58,"column":5}},"33":{"start":{"line":57,"column":6},"end":{"line":57,"column":33}},"34":{"start":{"line":60,"column":17},"end":{"line":60,"column":43}},"35":{"start":{"line":62,"column":4},"end":{"line":62,"column":34}},"36":{"start":{"line":62,"column":22},"end":{"line":62,"column":34}},"37":{"start":{"line":64,"column":4},"end":{"line":64,"column":53}},"38":{"start":{"line":65,"column":4},"end":{"line":65,"column":17}},"39":{"start":{"line":71,"column":2},"end":{"line":71,"column":21}},"40":{"start":{"line":72,"column":2},"end":{"line":72,"column":19}},"41":{"start":{"line":76,"column":2},"end":{"line":80,"column":3}},"42":{"start":{"line":76,"column":15},"end":{"line":76,"column":16}},"43":{"start":{"line":77,"column":18},"end":{"line":77,"column":59}},"44":{"start":{"line":78,"column":4},"end":{"line":78,"column":24}},"45":{"start":{"line":79,"column":4},"end":{"line":79,"column":19}},"46":{"start":{"line":83,"column":12},"end":{"line":83,"column":33}},"47":{"start":{"line":85,"column":0},"end":{"line":85,"column":36}},"48":{"start":{"line":87,"column":0},"end":{"line":87,"column":19}},"49":{"start":{"line":89,"column":0},"end":{"line":89,"column":28}}},"fnMap":{"0":{"name":"(anonymous_0)","decl":{"start":{"line":2,"column":2},"end":{"line":2,"column":3}},"loc":{"start":{"line":2,"column":16},"end":{"line":6,"column":3}},"line":2},"1":{"name":"(anonymous_1)","decl":{"start":{"line":8,"column":2},"end":{"line":8,"column":3}},"loc":{"start":{"line":8,"column":20},"end":{"line":19,"column":3}},"line":8},"2":{"name":"(anonymous_2)","decl":{"start":{"line":21,"column":2},"end":{"line":21,"column":3}},"loc":{"start":{"line":21,"column":19},"end":{"line":31,"column":3}},"line":21},"3":{"name":"(anonymous_3)","decl":{"start":{"line":33,"column":2},"end":{"line":33,"column":3}},"loc":{"start":{"line":33,"column":10},"end":{"line":43,"column":3}},"line":33},"4":{"name":"(anonymous_4)","decl":{"start":{"line":45,"column":2},"end":{"line":45,"column":3}},"loc":{"start":{"line":45,"column":20},"end":{"line":54,"column":3}},"line":45},"5":{"name":"(anonymous_5)","decl":{"start":{"line":55,"column":2},"end":{"line":55,"column":3}},"loc":{"start":{"line":55,"column":30},"end":{"line":66,"column":3}},"line":55},"6":{"name":"(anonymous_6)","decl":{"start":{"line":67,"column":2},"end":{"line":67,"column":3}},"loc":{"start":{"line":67,"column":23},"end":{"line":67,"column":26}},"line":67},"7":{"name":"linkedListNode","decl":{"start":{"line":70,"column":9},"end":{"line":70,"column":23}},"loc":{"start":{"line":70,"column":37},"end":{"line":73,"column":1}},"line":70},"8":{"name":"createNodes","decl":{"start":{"line":75,"column":9},"end":{"line":75,"column":20}},"loc":{"start":{"line":75,"column":47},"end":{"line":81,"column":1}},"line":75}},"branchMap":{"0":{"loc":{"start":{"line":15,"column":4},"end":{"line":17,"column":5}},"type":"if","locations":[{"start":{"line":15,"column":4},"end":{"line":17,"column":5}},{"start":{},"end":{}}],"line":15},"1":{"loc":{"start":{"line":23,"column":4},"end":{"line":29,"column":5}},"type":"if","locations":[{"start":{"line":23,"column":4},"end":{"line":29,"column":5}},{"start":{"line":26,"column":11},"end":{"line":29,"column":5}}],"line":23},"2":{"loc":{"start":{"line":46,"column":4},"end":{"line":46,"column":46}},"type":"if","locations":[{"start":{"line":46,"column":4},"end":{"line":46,"column":46}},{"start":{},"end":{}}],"line":46},"3":{"loc":{"start":{"line":46,"column":8},"end":{"line":46,"column":32}},"type":"binary-expr","locations":[{"start":{"line":46,"column":8},"end":{"line":46,"column":18}},{"start":{"line":46,"column":22},"end":{"line":46,"column":32}}],"line":46},"4":{"loc":{"start":{"line":47,"column":4},"end":{"line":47,"column":54}},"type":"if","locations":[{"start":{"line":47,"column":4},"end":{"line":47,"column":54}},{"start":{},"end":{}}],"line":47},"5":{"loc":{"start":{"line":47,"column":8},"end":{"line":47,"column":40}},"type":"binary-expr","locations":[{"start":{"line":47,"column":8},"end":{"line":47,"column":27}},{"start":{"line":47,"column":31},"end":{"line":47,"column":40}}],"line":47},"6":{"loc":{"start":{"line":56,"column":4},"end":{"line":58,"column":5}},"type":"if","locations":[{"start":{"line":56,"column":4},"end":{"line":58,"column":5}},{"start":{},"end":{}}],"line":56},"7":{"loc":{"start":{"line":62,"column":4},"end":{"line":62,"column":34}},"type":"if","locations":[{"start":{"line":62,"column":4},"end":{"line":62,"column":34}},{"start":{},"end":{}}],"line":62}},"s":{"0":8,"1":8,"2":8,"3":3,"4":3,"5":3,"6":3,"7":3,"8":1,"9":3,"10":20,"11":20,"12":7,"13":7,"14":13,"15":13,"16":20,"17":1,"18":1,"19":1,"20":3,"21":3,"22":1,"23":6,"24":0,"25":6,"26":1,"27":5,"28":5,"29":5,"30":5,"31":5,"32":4,"33":1,"34":3,"35":3,"36":2,"37":1,"38":1,"39":30,"40":30,"41":1,"42":1,"43":5,"44":5,"45":5,"46":1,"47":1,"48":1,"49":1},"f":{"0":8,"1":3,"2":20,"3":1,"4":6,"5":4,"6":0,"7":30,"8":1},"b":{"0":[1,2],"1":[7,13],"2":[0,6],"3":[6,0],"4":[1,5],"5":[6,6],"6":[1,3],"7":[2,1]},"_coverageSchema":"1a1c01bbd47fc00a2c39e90264f33305004495a9","hash":"255aa66c5ca76b9b42d4cff95a078158fdb1a60f"}
}
