{"/Users/hongseoupyun/Desktop/hongseoup/projects/leetcode-practice/26.implementLinkedList.js": {"path":"/Users/hongseoupyun/Desktop/hongseoup/projects/leetcode-practice/26.implementLinkedList.js","statementMap":{"0":{"start":{"line":3,"column":4},"end":{"line":3,"column":21}},"1":{"start":{"line":4,"column":4},"end":{"line":4,"column":21}},"2":{"start":{"line":8,"column":24},"end":{"line":8,"column":33}},"3":{"start":{"line":9,"column":20},"end":{"line":9,"column":48}},"4":{"start":{"line":11,"column":4},"end":{"line":11,"column":31}},"5":{"start":{"line":12,"column":4},"end":{"line":12,"column":24}},"6":{"start":{"line":14,"column":4},"end":{"line":16,"column":5}},"7":{"start":{"line":15,"column":6},"end":{"line":15,"column":26}},"8":{"start":{"line":20,"column":20},"end":{"line":20,"column":48}},"9":{"start":{"line":21,"column":4},"end":{"line":27,"column":5}},"10":{"start":{"line":22,"column":6},"end":{"line":22,"column":26}},"11":{"start":{"line":23,"column":6},"end":{"line":23,"column":26}},"12":{"start":{"line":25,"column":6},"end":{"line":25,"column":31}},"13":{"start":{"line":26,"column":6},"end":{"line":26,"column":26}},"14":{"start":{"line":31,"column":19},"end":{"line":31,"column":21}},"15":{"start":{"line":32,"column":22},"end":{"line":32,"column":31}},"16":{"start":{"line":34,"column":4},"end":{"line":37,"column":5}},"17":{"start":{"line":35,"column":6},"end":{"line":35,"column":37}},"18":{"start":{"line":36,"column":6},"end":{"line":36,"column":37}},"19":{"start":{"line":39,"column":4},"end":{"line":39,"column":31}},"20":{"start":{"line":43,"column":4},"end":{"line":43,"column":46}},"21":{"start":{"line":43,"column":34},"end":{"line":43,"column":46}},"22":{"start":{"line":45,"column":22},"end":{"line":45,"column":31}},"23":{"start":{"line":46,"column":4},"end":{"line":48,"column":5}},"24":{"start":{"line":46,"column":17},"end":{"line":46,"column":18}},"25":{"start":{"line":47,"column":6},"end":{"line":47,"column":37}},"26":{"start":{"line":49,"column":4},"end":{"line":49,"column":23}},"27":{"start":{"line":56,"column":2},"end":{"line":56,"column":21}},"28":{"start":{"line":57,"column":2},"end":{"line":57,"column":19}},"29":{"start":{"line":61,"column":2},"end":{"line":65,"column":3}},"30":{"start":{"line":61,"column":15},"end":{"line":61,"column":16}},"31":{"start":{"line":62,"column":18},"end":{"line":62,"column":59}},"32":{"start":{"line":63,"column":4},"end":{"line":63,"column":24}},"33":{"start":{"line":64,"column":4},"end":{"line":64,"column":19}},"34":{"start":{"line":68,"column":12},"end":{"line":68,"column":33}},"35":{"start":{"line":70,"column":0},"end":{"line":70,"column":36}},"36":{"start":{"line":72,"column":0},"end":{"line":72,"column":19}},"37":{"start":{"line":74,"column":0},"end":{"line":74,"column":28}}},"fnMap":{"0":{"name":"(anonymous_0)","decl":{"start":{"line":2,"column":2},"end":{"line":2,"column":3}},"loc":{"start":{"line":2,"column":16},"end":{"line":5,"column":3}},"line":2},"1":{"name":"(anonymous_1)","decl":{"start":{"line":7,"column":2},"end":{"line":7,"column":3}},"loc":{"start":{"line":7,"column":20},"end":{"line":17,"column":3}},"line":7},"2":{"name":"(anonymous_2)","decl":{"start":{"line":19,"column":2},"end":{"line":19,"column":3}},"loc":{"start":{"line":19,"column":19},"end":{"line":28,"column":3}},"line":19},"3":{"name":"(anonymous_3)","decl":{"start":{"line":30,"column":2},"end":{"line":30,"column":3}},"loc":{"start":{"line":30,"column":10},"end":{"line":40,"column":3}},"line":30},"4":{"name":"(anonymous_4)","decl":{"start":{"line":42,"column":2},"end":{"line":42,"column":3}},"loc":{"start":{"line":42,"column":20},"end":{"line":50,"column":3}},"line":42},"5":{"name":"(anonymous_5)","decl":{"start":{"line":51,"column":2},"end":{"line":51,"column":3}},"loc":{"start":{"line":51,"column":30},"end":{"line":51,"column":33}},"line":51},"6":{"name":"(anonymous_6)","decl":{"start":{"line":52,"column":2},"end":{"line":52,"column":3}},"loc":{"start":{"line":52,"column":23},"end":{"line":52,"column":26}},"line":52},"7":{"name":"linkedListNode","decl":{"start":{"line":55,"column":9},"end":{"line":55,"column":23}},"loc":{"start":{"line":55,"column":31},"end":{"line":58,"column":1}},"line":55},"8":{"name":"createNodes","decl":{"start":{"line":60,"column":9},"end":{"line":60,"column":20}},"loc":{"start":{"line":60,"column":47},"end":{"line":66,"column":1}},"line":60}},"branchMap":{"0":{"loc":{"start":{"line":14,"column":4},"end":{"line":16,"column":5}},"type":"if","locations":[{"start":{"line":14,"column":4},"end":{"line":16,"column":5}},{"start":{},"end":{}}],"line":14},"1":{"loc":{"start":{"line":21,"column":4},"end":{"line":27,"column":5}},"type":"if","locations":[{"start":{"line":21,"column":4},"end":{"line":27,"column":5}},{"start":{"line":24,"column":11},"end":{"line":27,"column":5}}],"line":21},"2":{"loc":{"start":{"line":43,"column":4},"end":{"line":43,"column":46}},"type":"if","locations":[{"start":{"line":43,"column":4},"end":{"line":43,"column":46}},{"start":{},"end":{}}],"line":43},"3":{"loc":{"start":{"line":43,"column":8},"end":{"line":43,"column":32}},"type":"binary-expr","locations":[{"start":{"line":43,"column":8},"end":{"line":43,"column":18}},{"start":{"line":43,"column":22},"end":{"line":43,"column":32}}],"line":43}},"s":{"0":4,"1":4,"2":2,"3":2,"4":2,"5":2,"6":2,"7":1,"8":8,"9":8,"10":3,"11":3,"12":5,"13":5,"14":1,"15":1,"16":1,"17":3,"18":3,"19":1,"20":1,"21":0,"22":1,"23":1,"24":1,"25":0,"26":1,"27":16,"28":16,"29":1,"30":1,"31":5,"32":5,"33":5,"34":1,"35":1,"36":1,"37":1},"f":{"0":4,"1":2,"2":8,"3":1,"4":1,"5":0,"6":0,"7":16,"8":1},"b":{"0":[1,1],"1":[3,5],"2":[0,1],"3":[1,0]},"_coverageSchema":"1a1c01bbd47fc00a2c39e90264f33305004495a9","hash":"4c8f6011ce42f37da66d5de16c33f7c0428299c3"}
}
