TN:
SF:26.implementLinkedList.js
FN:2,(anonymous_0)
FN:8,(anonymous_1)
FN:21,(anonymous_2)
FN:33,(anonymous_3)
FN:45,(anonymous_4)
FN:55,(anonymous_5)
FN:56,(anonymous_6)
FN:59,linkedListNode
FN:64,createNodes
FNF:9
FNH:8
FNDA:5,(anonymous_0)
FNDA:2,(anonymous_1)
FNDA:11,(anonymous_2)
FNDA:1,(anonymous_3)
FNDA:1,(anonymous_4)
FNDA:1,(anonymous_5)
FNDA:0,(anonymous_6)
FNDA:19,linkedListNode
FNDA:1,createNodes
DA:3,5
DA:4,5
DA:5,5
DA:9,2
DA:10,2
DA:12,2
DA:13,2
DA:15,2
DA:16,1
DA:18,2
DA:22,11
DA:23,11
DA:24,4
DA:25,4
DA:27,7
DA:28,7
DA:30,11
DA:34,1
DA:35,1
DA:37,1
DA:38,3
DA:39,3
DA:42,1
DA:46,1
DA:47,1
DA:49,1
DA:50,1
DA:51,0
DA:53,1
DA:60,19
DA:61,19
DA:65,1
DA:66,5
DA:67,5
DA:68,5
DA:72,1
DA:74,1
DA:76,1
DA:78,1
LF:39
LH:38
BRDA:15,0,0,1
BRDA:15,0,1,1
BRDA:23,1,0,4
BRDA:23,1,1,7
BRDA:46,2,0,0
BRDA:46,2,1,1
BRDA:46,3,0,1
BRDA:46,3,1,0
BRDA:47,4,0,0
BRDA:47,4,1,1
BRDA:47,5,0,1
BRDA:47,5,1,1
BRF:12
BRH:9
end_of_record
