TN:
SF:26.implementLinkedList.js
FN:2,(anonymous_0)
FN:7,(anonymous_1)
FN:19,(anonymous_2)
FN:30,(anonymous_3)
FN:42,(anonymous_4)
FN:51,(anonymous_5)
FN:52,(anonymous_6)
FN:55,linkedListNode
FN:60,createNodes
FNF:9
FNH:7
FNDA:4,(anonymous_0)
FNDA:2,(anonymous_1)
FNDA:8,(anonymous_2)
FNDA:1,(anonymous_3)
FNDA:1,(anonymous_4)
FNDA:0,(anonymous_5)
FNDA:0,(anonymous_6)
FNDA:16,linkedListNode
FNDA:1,createNodes
DA:3,4
DA:4,4
DA:8,2
DA:9,2
DA:11,2
DA:12,2
DA:14,2
DA:15,1
DA:20,8
DA:21,8
DA:22,3
DA:23,3
DA:25,5
DA:26,5
DA:31,1
DA:32,1
DA:34,1
DA:35,3
DA:36,3
DA:39,1
DA:43,1
DA:45,1
DA:46,1
DA:47,0
DA:49,1
DA:56,16
DA:57,16
DA:61,1
DA:62,5
DA:63,5
DA:64,5
DA:68,1
DA:70,1
DA:72,1
DA:74,1
LF:35
LH:34
BRDA:14,0,0,1
BRDA:14,0,1,1
BRDA:21,1,0,3
BRDA:21,1,1,5
BRDA:43,2,0,0
BRDA:43,2,1,1
BRDA:43,3,0,1
BRDA:43,3,1,0
BRF:8
BRH:6
end_of_record
